<?xml version="1.0" encoding="UTF-8"?>
<testsuite name="RockPaperScissorsTest" tests="3" skipped="0" failures="0" errors="0" timestamp="2016-02-10T23:18:57" hostname="epicodus-66.local" time="0.002">
  <properties/>
  <testcase name="twoPlayerGame_rockLosePaper_player2" classname="RockPaperScissorsTest" time="0.0"/>
  <testcase name="twoPlayerGame_rockTieRock_tie" classname="RockPaperScissorsTest" time="0.0"/>
  <testcase name="twoPlayerGame_rockBeatsScissors_player1" classname="RockPaperScissorsTest" time="0.0"/>
  <system-out><![CDATA[]]></system-out>
  <system-err><![CDATA[]]></system-err>
</testsuite>
